{"/Users/salvia/Documents/Projects/tiktofiy/packages/api/src/app.ts": {"path":"/Users/salvia/Documents/Projects/tiktofiy/packages/api/src/app.ts","statementMap":{"0":{"start":{"line":1,"column":0},"end":{"line":1,"column":28}},"1":{"start":{"line":2,"column":0},"end":{"line":2,"column":32}},"2":{"start":{"line":3,"column":0},"end":{"line":3,"column":30}},"3":{"start":{"line":4,"column":0},"end":{"line":4,"column":24}},"4":{"start":{"line":5,"column":0},"end":{"line":5,"column":40}},"5":{"start":{"line":7,"column":0},"end":{"line":7,"column":55}},"6":{"start":{"line":9,"column":13},"end":{"line":9,"column":37}},"7":{"start":{"line":11,"column":13},"end":{"line":11,"column":29}},"8":{"start":{"line":14,"column":0},"end":{"line":20,"column":null}},"9":{"start":{"line":15,"column":4},"end":{"line":15,"column":61}},"10":{"start":{"line":17,"column":4},"end":{"line":19,"column":7}},"11":{"start":{"line":18,"column":8},"end":{"line":18,"column":65}},"12":{"start":{"line":23,"column":0},"end":{"line":23,"column":24}},"13":{"start":{"line":24,"column":0},"end":{"line":24,"column":27}},"14":{"start":{"line":25,"column":0},"end":{"line":25,"column":22}},"15":{"start":{"line":27,"column":0},"end":{"line":33,"column":null}},"16":{"start":{"line":28,"column":19},"end":{"line":30,"column":6}},"17":{"start":{"line":29,"column":8},"end":{"line":29,"column":49}},"18":{"start":{"line":32,"column":4},"end":{"line":32,"column":50}},"19":{"start":{"line":32,"column":30},"end":{"line":32,"column":48}}},"fnMap":{"0":{"name":"(anonymous_1)","decl":{"start":{"line":17,"column":17},"end":{"line":17,"column":18}},"loc":{"start":{"line":17,"column":38},"end":{"line":19,"column":5}}},"1":{"name":"(anonymous_2)","decl":{"start":{"line":28,"column":36},"end":{"line":28,"column":39}},"loc":{"start":{"line":28,"column":41},"end":{"line":30,"column":5}}},"2":{"name":"(anonymous_3)","decl":{"start":{"line":32,"column":23},"end":{"line":32,"column":26}},"loc":{"start":{"line":32,"column":30},"end":{"line":32,"column":48}}}},"branchMap":{"0":{"loc":{"start":{"line":9,"column":13},"end":{"line":9,"column":37}},"type":"binary-expr","locations":[{"start":{"line":9,"column":13},"end":{"line":9,"column":29}},{"start":{"line":9,"column":33},"end":{"line":9,"column":37}}]},"1":{"loc":{"start":{"line":14,"column":0},"end":{"line":20,"column":null}},"type":"if","locations":[{"start":{"line":14,"column":0},"end":{"line":20,"column":null}}]},"2":{"loc":{"start":{"line":27,"column":0},"end":{"line":33,"column":null}},"type":"if","locations":[{"start":{"line":27,"column":0},"end":{"line":33,"column":null}}]}},"s":{"0":1,"1":1,"2":1,"3":1,"4":1,"5":1,"6":1,"7":1,"8":1,"9":0,"10":0,"11":0,"12":1,"13":1,"14":1,"15":1,"16":0,"17":0,"18":0,"19":0},"f":{"0":0,"1":0,"2":0},"b":{"0":[1,0],"1":[0],"2":[0]}}
,"/Users/salvia/Documents/Projects/tiktofiy/packages/api/src/db.ts": {"path":"/Users/salvia/Documents/Projects/tiktofiy/packages/api/src/db.ts","statementMap":{"0":{"start":{"line":1,"column":0},"end":{"line":1,"column":46}},"1":{"start":{"line":3,"column":13},"end":{"line":3,"column":41}}},"fnMap":{},"branchMap":{},"s":{"0":1,"1":1},"f":{},"b":{}}
,"/Users/salvia/Documents/Projects/tiktofiy/packages/api/src/controllers/audio.controller.ts": {"path":"/Users/salvia/Documents/Projects/tiktofiy/packages/api/src/controllers/audio.controller.ts","statementMap":{"0":{"start":{"line":2,"column":0},"end":{"line":2,"column":75}},"1":{"start":{"line":3,"column":0},"end":{"line":3,"column":70}},"2":{"start":{"line":4,"column":0},"end":{"line":4,"column":44}},"3":{"start":{"line":5,"column":0},"end":{"line":5,"column":53}},"4":{"start":{"line":7,"column":30},"end":{"line":43,"column":1}},"5":{"start":{"line":8,"column":52},"end":{"line":8,"column":60}},"6":{"start":{"line":9,"column":4},"end":{"line":11,"column":null}},"7":{"start":{"line":10,"column":8},"end":{"line":10,"column":54}},"8":{"start":{"line":13,"column":4},"end":{"line":42,"column":null}},"9":{"start":{"line":14,"column":8},"end":{"line":24,"column":null}},"10":{"start":{"line":15,"column":33},"end":{"line":15,"column":59}},"11":{"start":{"line":16,"column":12},"end":{"line":23,"column":null}},"12":{"start":{"line":17,"column":16},"end":{"line":22,"column":19}},"13":{"start":{"line":26,"column":22},"end":{"line":26,"column":59}},"14":{"start":{"line":27,"column":32},"end":{"line":27,"column":73}},"15":{"start":{"line":30,"column":8},"end":{"line":37,"column":null}},"16":{"start":{"line":31,"column":12},"end":{"line":36,"column":15}},"17":{"start":{"line":39,"column":8},"end":{"line":39,"column":53}},"18":{"start":{"line":41,"column":8},"end":{"line":41,"column":25}},"19":{"start":{"line":7,"column":13},"end":{"line":7,"column":30}}},"fnMap":{"0":{"name":"(anonymous_0)","decl":{"start":{"line":7,"column":30},"end":{"line":7,"column":35}},"loc":{"start":{"line":7,"column":88},"end":{"line":43,"column":1}}}},"branchMap":{"0":{"loc":{"start":{"line":9,"column":4},"end":{"line":11,"column":null}},"type":"if","locations":[{"start":{"line":9,"column":4},"end":{"line":11,"column":null}}]},"1":{"loc":{"start":{"line":9,"column":8},"end":{"line":9,"column":54}},"type":"binary-expr","locations":[{"start":{"line":9,"column":8},"end":{"line":9,"column":34}},{"start":{"line":9,"column":38},"end":{"line":9,"column":54}}]},"2":{"loc":{"start":{"line":14,"column":8},"end":{"line":24,"column":null}},"type":"if","locations":[{"start":{"line":14,"column":8},"end":{"line":24,"column":null}}]},"3":{"loc":{"start":{"line":16,"column":12},"end":{"line":23,"column":null}},"type":"if","locations":[{"start":{"line":16,"column":12},"end":{"line":23,"column":null}}]},"4":{"loc":{"start":{"line":30,"column":8},"end":{"line":37,"column":null}},"type":"if","locations":[{"start":{"line":30,"column":8},"end":{"line":37,"column":null}}]},"5":{"loc":{"start":{"line":30,"column":12},"end":{"line":30,"column":78}},"type":"binary-expr","locations":[{"start":{"line":30,"column":12},"end":{"line":30,"column":46}},{"start":{"line":30,"column":50},"end":{"line":30,"column":78}}]}},"s":{"0":1,"1":1,"2":1,"3":1,"4":1,"5":14,"6":14,"7":2,"8":12,"9":12,"10":0,"11":0,"12":0,"13":12,"14":0,"15":0,"16":0,"17":0,"18":12,"19":1},"f":{"0":14},"b":{"0":[2],"1":[14,14],"2":[0],"3":[0],"4":[0],"5":[0,0]}}
,"/Users/salvia/Documents/Projects/tiktofiy/packages/api/src/handlers/errorHandler.ts": {"path":"/Users/salvia/Documents/Projects/tiktofiy/packages/api/src/handlers/errorHandler.ts","statementMap":{"0":{"start":{"line":1,"column":0},"end":{"line":1,"column":26}},"1":{"start":{"line":4,"column":28},"end":{"line":20,"column":1}},"2":{"start":{"line":5,"column":4},"end":{"line":5,"column":61}},"3":{"start":{"line":7,"column":4},"end":{"line":15,"column":null}},"4":{"start":{"line":8,"column":8},"end":{"line":10,"column":11}},"5":{"start":{"line":11,"column":11},"end":{"line":15,"column":null}},"6":{"start":{"line":12,"column":8},"end":{"line":14,"column":11}},"7":{"start":{"line":17,"column":4},"end":{"line":19,"column":7}},"8":{"start":{"line":4,"column":13},"end":{"line":4,"column":28}}},"fnMap":{"0":{"name":"(anonymous_1)","decl":{"start":{"line":4,"column":28},"end":{"line":4,"column":29}},"loc":{"start":{"line":4,"column":96},"end":{"line":20,"column":1}}}},"branchMap":{"0":{"loc":{"start":{"line":5,"column":4},"end":{"line":5,"column":60}},"type":"binary-expr","locations":[{"start":{"line":5,"column":4},"end":{"line":5,"column":38}},{"start":{"line":5,"column":42},"end":{"line":5,"column":60}}]},"1":{"loc":{"start":{"line":7,"column":4},"end":{"line":15,"column":null}},"type":"if","locations":[{"start":{"line":7,"column":4},"end":{"line":15,"column":null}},{"start":{"line":11,"column":11},"end":{"line":15,"column":null}}]},"2":{"loc":{"start":{"line":11,"column":11},"end":{"line":15,"column":null}},"type":"if","locations":[{"start":{"line":11,"column":11},"end":{"line":15,"column":null}}]}},"s":{"0":1,"1":1,"2":14,"3":14,"4":0,"5":14,"6":13,"7":1,"8":1},"f":{"0":14},"b":{"0":[14,0],"1":[0,14],"2":[13]}}
,"/Users/salvia/Documents/Projects/tiktofiy/packages/api/src/routes/audio.ts": {"path":"/Users/salvia/Documents/Projects/tiktofiy/packages/api/src/routes/audio.ts","statementMap":{"0":{"start":{"line":1,"column":0},"end":{"line":1,"column":30}},"1":{"start":{"line":2,"column":0},"end":{"line":2,"column":65}},"2":{"start":{"line":4,"column":13},"end":{"line":4,"column":44}},"3":{"start":{"line":6,"column":0},"end":{"line":6,"column":47}}},"fnMap":{},"branchMap":{},"s":{"0":1,"1":1,"2":1,"3":1},"f":{},"b":{}}
,"/Users/salvia/Documents/Projects/tiktofiy/packages/api/src/routes/index.ts": {"path":"/Users/salvia/Documents/Projects/tiktofiy/packages/api/src/routes/index.ts","statementMap":{"0":{"start":{"line":1,"column":0},"end":{"line":1,"column":30}},"1":{"start":{"line":2,"column":0},"end":{"line":2,"column":38}},"2":{"start":{"line":4,"column":13},"end":{"line":4,"column":39}},"3":{"start":{"line":6,"column":0},"end":{"line":6,"column":34}}},"fnMap":{},"branchMap":{},"s":{"0":1,"1":1,"2":1,"3":1},"f":{},"b":{}}
,"/Users/salvia/Documents/Projects/tiktofiy/packages/api/src/services/audio.service.ts": {"path":"/Users/salvia/Documents/Projects/tiktofiy/packages/api/src/services/audio.service.ts","statementMap":{"0":{"start":{"line":1,"column":0},"end":{"line":1,"column":50}},"1":{"start":{"line":2,"column":0},"end":{"line":2,"column":35}},"2":{"start":{"line":3,"column":0},"end":{"line":3,"column":20}},"3":{"start":{"line":4,"column":0},"end":{"line":4,"column":26}},"4":{"start":{"line":6,"column":0},"end":{"line":6,"column":49}},"5":{"start":{"line":7,"column":0},"end":{"line":7,"column":44}},"6":{"start":{"line":10,"column":0},"end":{"line":10,"column":38}},"7":{"start":{"line":12,"column":19},"end":{"line":12,"column":66}},"8":{"start":{"line":14,"column":22},"end":{"line":33,"column":1}},"9":{"start":{"line":15,"column":4},"end":{"line":32,"column":null}},"10":{"start":{"line":16,"column":25},"end":{"line":18,"column":10}},"11":{"start":{"line":20,"column":8},"end":{"line":29,"column":11}},"12":{"start":{"line":21,"column":12},"end":{"line":28,"column":19}},"13":{"start":{"line":24,"column":20},"end":{"line":24,"column":78}},"14":{"start":{"line":27,"column":20},"end":{"line":27,"column":71}},"15":{"start":{"line":31,"column":8},"end":{"line":31,"column":67}},"16":{"start":{"line":35,"column":21},"end":{"line":52,"column":1}},"17":{"start":{"line":36,"column":4},"end":{"line":51,"column":7}},"18":{"start":{"line":37,"column":8},"end":{"line":50,"column":19}},"19":{"start":{"line":41,"column":16},"end":{"line":41,"column":80}},"20":{"start":{"line":44,"column":16},"end":{"line":48,"column":18}},"21":{"start":{"line":54,"column":17},"end":{"line":67,"column":1}},"22":{"start":{"line":55,"column":4},"end":{"line":66,"column":7}},"23":{"start":{"line":56,"column":8},"end":{"line":65,"column":19}},"24":{"start":{"line":60,"column":16},"end":{"line":60,"column":65}},"25":{"start":{"line":63,"column":16},"end":{"line":63,"column":61}},"26":{"start":{"line":69,"column":21},"end":{"line":82,"column":1}},"27":{"start":{"line":70,"column":4},"end":{"line":81,"column":7}},"28":{"start":{"line":71,"column":8},"end":{"line":80,"column":19}},"29":{"start":{"line":75,"column":16},"end":{"line":75,"column":71}},"30":{"start":{"line":78,"column":16},"end":{"line":78,"column":65}},"31":{"start":{"line":84,"column":30},"end":{"line":99,"column":1}},"32":{"start":{"line":85,"column":18},"end":{"line":85,"column":43}},"33":{"start":{"line":86,"column":4},"end":{"line":88,"column":null}},"34":{"start":{"line":87,"column":8},"end":{"line":87,"column":48}},"35":{"start":{"line":90,"column":4},"end":{"line":90,"column":31}},"36":{"start":{"line":91,"column":4},"end":{"line":91,"column":73}},"37":{"start":{"line":92,"column":4},"end":{"line":92,"column":87}},"38":{"start":{"line":93,"column":4},"end":{"line":93,"column":94}},"39":{"start":{"line":96,"column":4},"end":{"line":98,"column":7}},"40":{"start":{"line":84,"column":13},"end":{"line":84,"column":30}},"41":{"start":{"line":101,"column":30},"end":{"line":124,"column":1}},"42":{"start":{"line":105,"column":21},"end":{"line":111,"column":6}},"43":{"start":{"line":112,"column":4},"end":{"line":116,"column":null}},"44":{"start":{"line":113,"column":8},"end":{"line":115,"column":10}},"45":{"start":{"line":118,"column":4},"end":{"line":123,"column":6}},"46":{"start":{"line":101,"column":13},"end":{"line":101,"column":30}}},"fnMap":{"0":{"name":"(anonymous_1)","decl":{"start":{"line":14,"column":22},"end":{"line":14,"column":27}},"loc":{"start":{"line":14,"column":44},"end":{"line":33,"column":1}}},"1":{"name":"(anonymous_2)","decl":{"start":{"line":20,"column":27},"end":{"line":20,"column":28}},"loc":{"start":{"line":20,"column":47},"end":{"line":29,"column":9}}},"2":{"name":"(anonymous_3)","decl":{"start":{"line":23,"column":29},"end":{"line":23,"column":32}},"loc":{"start":{"line":23,"column":34},"end":{"line":25,"column":17}}},"3":{"name":"(anonymous_4)","decl":{"start":{"line":26,"column":29},"end":{"line":26,"column":32}},"loc":{"start":{"line":26,"column":34},"end":{"line":28,"column":17}}},"4":{"name":"(anonymous_5)","decl":{"start":{"line":35,"column":21},"end":{"line":35,"column":22}},"loc":{"start":{"line":35,"column":55},"end":{"line":52,"column":1}}},"5":{"name":"(anonymous_6)","decl":{"start":{"line":36,"column":23},"end":{"line":36,"column":24}},"loc":{"start":{"line":36,"column":43},"end":{"line":51,"column":5}}},"6":{"name":"(anonymous_7)","decl":{"start":{"line":40,"column":23},"end":{"line":40,"column":26}},"loc":{"start":{"line":40,"column":28},"end":{"line":42,"column":13}}},"7":{"name":"(anonymous_8)","decl":{"start":{"line":43,"column":25},"end":{"line":43,"column":28}},"loc":{"start":{"line":43,"column":30},"end":{"line":49,"column":13}}},"8":{"name":"(anonymous_9)","decl":{"start":{"line":54,"column":17},"end":{"line":54,"column":18}},"loc":{"start":{"line":54,"column":79},"end":{"line":67,"column":1}}},"9":{"name":"(anonymous_10)","decl":{"start":{"line":55,"column":23},"end":{"line":55,"column":24}},"loc":{"start":{"line":55,"column":43},"end":{"line":66,"column":5}}},"10":{"name":"(anonymous_11)","decl":{"start":{"line":59,"column":23},"end":{"line":59,"column":26}},"loc":{"start":{"line":59,"column":28},"end":{"line":61,"column":13}}},"11":{"name":"(anonymous_12)","decl":{"start":{"line":62,"column":25},"end":{"line":62,"column":28}},"loc":{"start":{"line":62,"column":30},"end":{"line":64,"column":13}}},"12":{"name":"(anonymous_13)","decl":{"start":{"line":69,"column":21},"end":{"line":69,"column":22}},"loc":{"start":{"line":69,"column":55},"end":{"line":82,"column":1}}},"13":{"name":"(anonymous_14)","decl":{"start":{"line":70,"column":23},"end":{"line":70,"column":24}},"loc":{"start":{"line":70,"column":43},"end":{"line":81,"column":5}}},"14":{"name":"(anonymous_15)","decl":{"start":{"line":74,"column":23},"end":{"line":74,"column":26}},"loc":{"start":{"line":74,"column":28},"end":{"line":76,"column":13}}},"15":{"name":"(anonymous_16)","decl":{"start":{"line":77,"column":25},"end":{"line":77,"column":28}},"loc":{"start":{"line":77,"column":30},"end":{"line":79,"column":13}}},"16":{"name":"(anonymous_17)","decl":{"start":{"line":84,"column":30},"end":{"line":84,"column":35}},"loc":{"start":{"line":84,"column":80},"end":{"line":99,"column":1}}},"17":{"name":"(anonymous_18)","decl":{"start":{"line":101,"column":30},"end":{"line":101,"column":35}},"loc":{"start":{"line":104,"column":32},"end":{"line":124,"column":1}}}},"branchMap":{"0":{"loc":{"start":{"line":57,"column":34},"end":{"line":57,"column":46}},"type":"binary-expr","locations":[{"start":{"line":57,"column":34},"end":{"line":57,"column":39}},{"start":{"line":57,"column":43},"end":{"line":57,"column":46}}]},"1":{"loc":{"start":{"line":57,"column":55},"end":{"line":57,"column":85}},"type":"cond-expr","locations":[{"start":{"line":57,"column":76},"end":{"line":57,"column":79}},{"start":{"line":57,"column":82},"end":{"line":57,"column":85}}]},"2":{"loc":{"start":{"line":57,"column":55},"end":{"line":57,"column":73}},"type":"binary-expr","locations":[{"start":{"line":57,"column":55},"end":{"line":57,"column":58}},{"start":{"line":57,"column":62},"end":{"line":57,"column":73}}]},"3":{"loc":{"start":{"line":86,"column":4},"end":{"line":88,"column":null}},"type":"if","locations":[{"start":{"line":86,"column":4},"end":{"line":88,"column":null}}]},"4":{"loc":{"start":{"line":109,"column":30},"end":{"line":109,"column":78}},"type":"binary-expr","locations":[{"start":{"line":109,"column":30},"end":{"line":109,"column":42}},{"start":{"line":109,"column":46},"end":{"line":109,"column":72}},{"start":{"line":109,"column":76},"end":{"line":109,"column":78}}]},"5":{"loc":{"start":{"line":112,"column":4},"end":{"line":116,"column":null}},"type":"if","locations":[{"start":{"line":112,"column":4},"end":{"line":116,"column":null}}]}},"s":{"0":1,"1":1,"2":1,"3":1,"4":1,"5":1,"6":1,"7":1,"8":1,"9":0,"10":0,"11":0,"12":0,"13":0,"14":0,"15":0,"16":1,"17":0,"18":0,"19":0,"20":0,"21":1,"22":0,"23":0,"24":0,"25":0,"26":1,"27":0,"28":0,"29":0,"30":0,"31":1,"32":12,"33":0,"34":0,"35":0,"36":0,"37":0,"38":0,"39":0,"40":1,"41":1,"42":0,"43":0,"44":0,"45":0,"46":1},"f":{"0":0,"1":0,"2":0,"3":0,"4":0,"5":0,"6":0,"7":0,"8":0,"9":0,"10":0,"11":0,"12":0,"13":0,"14":0,"15":0,"16":12,"17":0},"b":{"0":[0,0],"1":[0,0],"2":[0,0],"3":[0],"4":[0,0,0],"5":[0]}}
,"/Users/salvia/Documents/Projects/tiktofiy/packages/api/src/services/db.service.ts": {"path":"/Users/salvia/Documents/Projects/tiktofiy/packages/api/src/services/db.service.ts","statementMap":{"0":{"start":{"line":2,"column":0},"end":{"line":2,"column":31}},"1":{"start":{"line":4,"column":31},"end":{"line":12,"column":1}},"2":{"start":{"line":5,"column":25},"end":{"line":9,"column":6}},"3":{"start":{"line":11,"column":4},"end":{"line":11,"column":24}},"4":{"start":{"line":4,"column":13},"end":{"line":4,"column":31}},"5":{"start":{"line":14,"column":27},"end":{"line":23,"column":1}},"6":{"start":{"line":15,"column":4},"end":{"line":22,"column":7}},"7":{"start":{"line":14,"column":13},"end":{"line":14,"column":27}}},"fnMap":{"0":{"name":"(anonymous_0)","decl":{"start":{"line":4,"column":31},"end":{"line":4,"column":36}},"loc":{"start":{"line":4,"column":53},"end":{"line":12,"column":1}}},"1":{"name":"(anonymous_1)","decl":{"start":{"line":14,"column":27},"end":{"line":14,"column":32}},"loc":{"start":{"line":14,"column":87},"end":{"line":23,"column":1}}}},"branchMap":{},"s":{"0":1,"1":1,"2":0,"3":0,"4":1,"5":1,"6":0,"7":1},"f":{"0":0,"1":0},"b":{}}
,"/Users/salvia/Documents/Projects/tiktofiy/packages/api/src/services/scrap.service.ts": {"path":"/Users/salvia/Documents/Projects/tiktofiy/packages/api/src/services/scrap.service.ts","statementMap":{"0":{"start":{"line":1,"column":0},"end":{"line":1,"column":34}},"1":{"start":{"line":3,"column":23},"end":{"line":3,"column":30}},"2":{"start":{"line":5,"column":30},"end":{"line":36,"column":1}},"3":{"start":{"line":6,"column":20},"end":{"line":9,"column":6}},"4":{"start":{"line":10,"column":17},"end":{"line":10,"column":40}},"5":{"start":{"line":12,"column":4},"end":{"line":35,"column":null}},"6":{"start":{"line":13,"column":8},"end":{"line":21,"column":11}},"7":{"start":{"line":22,"column":8},"end":{"line":24,"column":11}},"8":{"start":{"line":25,"column":8},"end":{"line":25,"column":51}},"9":{"start":{"line":27,"column":25},"end":{"line":27,"column":87}},"10":{"start":{"line":27,"column":64},"end":{"line":27,"column":86}},"11":{"start":{"line":28,"column":8},"end":{"line":28,"column":24}},"12":{"start":{"line":30,"column":8},"end":{"line":32,"column":10}},"13":{"start":{"line":34,"column":8},"end":{"line":34,"column":30}},"14":{"start":{"line":5,"column":13},"end":{"line":5,"column":30}}},"fnMap":{"0":{"name":"(anonymous_1)","decl":{"start":{"line":5,"column":30},"end":{"line":5,"column":35}},"loc":{"start":{"line":5,"column":52},"end":{"line":36,"column":1}}},"1":{"name":"(anonymous_2)","decl":{"start":{"line":27,"column":58},"end":{"line":27,"column":60}},"loc":{"start":{"line":27,"column":64},"end":{"line":27,"column":86}}}},"branchMap":{},"s":{"0":1,"1":1,"2":1,"3":12,"4":11,"5":11,"6":11,"7":11,"8":11,"9":11,"10":0,"11":0,"12":11,"13":11,"14":1},"f":{"0":12,"1":0},"b":{}}
,"/Users/salvia/Documents/Projects/tiktofiy/packages/api/src/utils/utils.ts": {"path":"/Users/salvia/Documents/Projects/tiktofiy/packages/api/src/utils/utils.ts","statementMap":{"0":{"start":{"line":1,"column":26},"end":{"line":3,"column":1}},"1":{"start":{"line":2,"column":4},"end":{"line":2,"column":33}},"2":{"start":{"line":1,"column":13},"end":{"line":1,"column":26}},"3":{"start":{"line":5,"column":26},"end":{"line":11,"column":1}},"4":{"start":{"line":7,"column":8},"end":{"line":7,"column":83}},"5":{"start":{"line":8,"column":26},"end":{"line":8,"column":84}},"6":{"start":{"line":10,"column":4},"end":{"line":10,"column":63}},"7":{"start":{"line":5,"column":13},"end":{"line":5,"column":26}}},"fnMap":{"0":{"name":"(anonymous_0)","decl":{"start":{"line":1,"column":26},"end":{"line":1,"column":27}},"loc":{"start":{"line":1,"column":47},"end":{"line":3,"column":1}}},"1":{"name":"(anonymous_1)","decl":{"start":{"line":5,"column":26},"end":{"line":5,"column":27}},"loc":{"start":{"line":5,"column":42},"end":{"line":11,"column":1}}}},"branchMap":{"0":{"loc":{"start":{"line":10,"column":11},"end":{"line":10,"column":62}},"type":"binary-expr","locations":[{"start":{"line":10,"column":11},"end":{"line":10,"column":35}},{"start":{"line":10,"column":39},"end":{"line":10,"column":62}}]}},"s":{"0":2,"1":0,"2":2,"3":2,"4":20,"5":20,"6":20,"7":2},"f":{"0":0,"1":20},"b":{"0":[20,9]}}
}
