TN:
SF:src/app.ts
FN:17,(anonymous_1)
FN:28,(anonymous_2)
FN:32,(anonymous_3)
FNF:3
FNH:0
FNDA:0,(anonymous_1)
FNDA:0,(anonymous_2)
FNDA:0,(anonymous_3)
DA:1,1
DA:2,1
DA:3,1
DA:4,1
DA:5,1
DA:7,1
DA:9,1
DA:11,1
DA:14,1
DA:15,0
DA:17,0
DA:18,0
DA:23,1
DA:24,1
DA:25,1
DA:27,1
DA:28,0
DA:29,0
DA:32,0
LF:19
LH:13
BRDA:9,0,0,1
BRDA:9,0,1,0
BRDA:14,1,0,0
BRDA:27,2,0,0
BRF:4
BRH:1
end_of_record
TN:
SF:src/db.ts
FNF:0
FNH:0
DA:1,1
DA:3,1
LF:2
LH:2
BRF:0
BRH:0
end_of_record
TN:
SF:src/controllers/audio.controller.ts
FN:7,(anonymous_0)
FNF:1
FNH:1
FNDA:7,(anonymous_0)
DA:2,1
DA:3,1
DA:4,1
DA:5,1
DA:7,1
DA:8,7
DA:9,7
DA:10,0
DA:13,7
DA:14,7
DA:15,0
DA:16,0
DA:17,0
DA:26,7
DA:27,0
DA:30,0
DA:31,0
DA:39,0
DA:41,7
LF:19
LH:11
BRDA:9,0,0,0
BRDA:9,1,0,7
BRDA:9,1,1,7
BRDA:14,2,0,0
BRDA:16,3,0,0
BRDA:30,4,0,0
BRDA:30,5,0,0
BRDA:30,5,1,0
BRF:8
BRH:2
end_of_record
TN:
SF:src/handlers/errorHandler.ts
FN:4,(anonymous_1)
FNF:1
FNH:1
FNDA:7,(anonymous_1)
DA:1,1
DA:4,1
DA:5,7
DA:7,7
DA:8,0
DA:11,7
DA:12,7
DA:17,0
LF:8
LH:6
BRDA:7,0,0,0
BRDA:7,0,1,7
BRDA:11,1,0,7
BRF:3
BRH:2
end_of_record
TN:
SF:src/routes/audio.ts
FNF:0
FNH:0
DA:1,1
DA:2,1
DA:4,1
DA:6,1
LF:4
LH:4
BRF:0
BRH:0
end_of_record
TN:
SF:src/routes/index.ts
FNF:0
FNH:0
DA:1,1
DA:2,1
DA:4,1
DA:6,1
LF:4
LH:4
BRF:0
BRH:0
end_of_record
TN:
SF:src/services/audio.service.ts
FN:14,(anonymous_1)
FN:20,(anonymous_2)
FN:23,(anonymous_3)
FN:26,(anonymous_4)
FN:35,(anonymous_5)
FN:36,(anonymous_6)
FN:40,(anonymous_7)
FN:43,(anonymous_8)
FN:54,(anonymous_9)
FN:55,(anonymous_10)
FN:59,(anonymous_11)
FN:62,(anonymous_12)
FN:69,(anonymous_13)
FN:70,(anonymous_14)
FN:74,(anonymous_15)
FN:77,(anonymous_16)
FN:84,(anonymous_17)
FN:101,(anonymous_18)
FNF:18
FNH:1
FNDA:0,(anonymous_1)
FNDA:0,(anonymous_2)
FNDA:0,(anonymous_3)
FNDA:0,(anonymous_4)
FNDA:0,(anonymous_5)
FNDA:0,(anonymous_6)
FNDA:0,(anonymous_7)
FNDA:0,(anonymous_8)
FNDA:0,(anonymous_9)
FNDA:0,(anonymous_10)
FNDA:0,(anonymous_11)
FNDA:0,(anonymous_12)
FNDA:0,(anonymous_13)
FNDA:0,(anonymous_14)
FNDA:0,(anonymous_15)
FNDA:0,(anonymous_16)
FNDA:7,(anonymous_17)
FNDA:0,(anonymous_18)
DA:1,1
DA:2,1
DA:3,1
DA:4,1
DA:6,1
DA:7,1
DA:10,1
DA:12,1
DA:14,1
DA:15,0
DA:16,0
DA:20,0
DA:21,0
DA:24,0
DA:27,0
DA:31,0
DA:35,1
DA:36,0
DA:37,0
DA:41,0
DA:44,0
DA:54,1
DA:55,0
DA:56,0
DA:60,0
DA:63,0
DA:69,1
DA:70,0
DA:71,0
DA:75,0
DA:78,0
DA:84,1
DA:85,7
DA:86,0
DA:87,0
DA:90,0
DA:91,0
DA:92,0
DA:93,0
DA:96,0
DA:101,1
DA:105,0
DA:112,0
DA:113,0
DA:118,0
LF:45
LH:15
BRDA:57,0,0,0
BRDA:57,0,1,0
BRDA:57,1,0,0
BRDA:57,1,1,0
BRDA:57,2,0,0
BRDA:57,2,1,0
BRDA:86,3,0,0
BRDA:109,4,0,0
BRDA:109,4,1,0
BRDA:109,4,2,0
BRDA:112,5,0,0
BRF:11
BRH:0
end_of_record
TN:
SF:src/services/db.service.ts
FN:4,(anonymous_0)
FN:14,(anonymous_1)
FNF:2
FNH:0
FNDA:0,(anonymous_0)
FNDA:0,(anonymous_1)
DA:2,1
DA:4,1
DA:5,0
DA:11,0
DA:14,1
DA:15,0
LF:6
LH:3
BRF:0
BRH:0
end_of_record
TN:
SF:src/services/scrap.service.ts
FN:5,(anonymous_1)
FN:25,(anonymous_2)
FNF:2
FNH:1
FNDA:7,(anonymous_1)
FNDA:0,(anonymous_2)
DA:1,1
DA:3,1
DA:5,1
DA:6,7
DA:9,7
DA:11,7
DA:20,7
DA:23,0
DA:25,0
DA:26,0
DA:28,0
LF:11
LH:7
BRF:0
BRH:0
end_of_record
TN:
SF:src/utils/utils.ts
FN:1,(anonymous_0)
FN:5,(anonymous_1)
FNF:2
FNH:1
FNDA:0,(anonymous_0)
FNDA:13,(anonymous_1)
DA:1,2
DA:2,0
DA:5,2
DA:7,13
DA:8,13
DA:10,13
LF:6
LH:5
BRDA:10,0,0,13
BRDA:10,0,1,5
BRF:2
BRH:2
end_of_record
